<?xml version="1.0" encoding="UTF-8"?>
<!-- Generated by org.testng.reporters.JUnitReportReporter -->
<testsuite hostname="DESKTOP-CEK8S03" failures="0" tests="3" name="spiceJetQATest.LoginPageTest" time="23.314" errors="0" timestamp="05 Jun 2020 02:29:19 GMT" skipped="0">
  <testcase classname="spiceJetQATest.LoginPageTest" name="loginTest" time="7.543"/>
  <testcase classname="spiceJetQATest.LoginPageTest" name="loginPageTitleTest" time="7.961"/>
  <testcase classname="spiceJetQATest.LoginPageTest" name="forgotpwdLinkTest" time="7.810"/>
</testsuite> <!-- spiceJetQATest.LoginPageTest -->
